Compiling the C compiler identification source file "CMakeCCompilerId.c" failed.
Compiler: /usr/bin/arm-none-eabi-gcc 
Build flags: 
Id flags:  

The output was:
1
/usr/lib/gcc/arm-none-eabi/9.2.1/../../../arm-none-eabi/bin/ld: /usr/lib/gcc/arm-none-eabi/9.2.1/../../../arm-none-eabi/lib/libc.a(lib_a-exit.o): in function `exit':
/build/newlib-CVVEyx/newlib-3.3.0/build/arm-none-eabi/newlib/libc/stdlib/../../../../../newlib/libc/stdlib/exit.c:64: undefined reference to `_exit'
collect2: error: ld returned 1 exit status


Compiling the CXX compiler identification source file "CMakeCXXCompilerId.cpp" failed.
Compiler: /usr/bin/arm-none-eabi-g++ 
Build flags: 
Id flags:  

The output was:
1
/usr/lib/gcc/arm-none-eabi/9.2.1/../../../arm-none-eabi/bin/ld: /usr/lib/gcc/arm-none-eabi/9.2.1/../../../arm-none-eabi/lib/libc.a(lib_a-exit.o): in function `exit':
/build/newlib-CVVEyx/newlib-3.3.0/build/arm-none-eabi/newlib/libc/stdlib/../../../../../newlib/libc/stdlib/exit.c:64: undefined reference to `_exit'
collect2: error: ld returned 1 exit status


Determining if the C compiler works failed with the following output:
Change Dir: /home/usuario/vanetza-master-v2/build.arm/CMakeFiles/CMakeTmp

Run Build Command(s):/usr/bin/make cmTC_925fc/fast && /usr/bin/make -f CMakeFiles/cmTC_925fc.dir/build.make CMakeFiles/cmTC_925fc.dir/build
make[1]: Entering directory '/home/usuario/vanetza-master-v2/build.arm/CMakeFiles/CMakeTmp'
Building C object CMakeFiles/cmTC_925fc.dir/testCCompiler.c.obj
/usr/bin/arm-none-eabi-gcc    -o CMakeFiles/cmTC_925fc.dir/testCCompiler.c.obj   -c /home/usuario/vanetza-master-v2/build.arm/CMakeFiles/CMakeTmp/testCCompiler.c
Linking C executable cmTC_925fc
/usr/bin/cmake -E cmake_link_script CMakeFiles/cmTC_925fc.dir/link.txt --verbose=1
/usr/bin/arm-none-eabi-gcc      CMakeFiles/cmTC_925fc.dir/testCCompiler.c.obj  -o cmTC_925fc 
/usr/lib/gcc/arm-none-eabi/9.2.1/../../../arm-none-eabi/bin/ld: /usr/lib/gcc/arm-none-eabi/9.2.1/../../../arm-none-eabi/lib/libc.a(lib_a-exit.o): in function `exit':
/build/newlib-CVVEyx/newlib-3.3.0/build/arm-none-eabi/newlib/libc/stdlib/../../../../../newlib/libc/stdlib/exit.c:64: undefined reference to `_exit'
collect2: error: ld returned 1 exit status
make[1]: *** [CMakeFiles/cmTC_925fc.dir/build.make:87: cmTC_925fc] Error 1
make[1]: Leaving directory '/home/usuario/vanetza-master-v2/build.arm/CMakeFiles/CMakeTmp'
make: *** [Makefile:121: cmTC_925fc/fast] Error 2



Compiling the C compiler identification source file "CMakeCCompilerId.c" failed.
Compiler: /usr/bin/arm-none-eabi-gcc 
Build flags: 
Id flags:  

The output was:
1
/usr/lib/gcc/arm-none-eabi/9.2.1/../../../arm-none-eabi/bin/ld: /usr/lib/gcc/arm-none-eabi/9.2.1/../../../arm-none-eabi/lib/libc.a(lib_a-exit.o): in function `exit':
/build/newlib-CVVEyx/newlib-3.3.0/build/arm-none-eabi/newlib/libc/stdlib/../../../../../newlib/libc/stdlib/exit.c:64: undefined reference to `_exit'
collect2: error: ld returned 1 exit status


Compiling the CXX compiler identification source file "CMakeCXXCompilerId.cpp" failed.
Compiler: /usr/bin/arm-none-eabi-g++ 
Build flags: 
Id flags:  

The output was:
1
/usr/lib/gcc/arm-none-eabi/9.2.1/../../../arm-none-eabi/bin/ld: /usr/lib/gcc/arm-none-eabi/9.2.1/../../../arm-none-eabi/lib/libc.a(lib_a-exit.o): in function `exit':
/build/newlib-CVVEyx/newlib-3.3.0/build/arm-none-eabi/newlib/libc/stdlib/../../../../../newlib/libc/stdlib/exit.c:64: undefined reference to `_exit'
collect2: error: ld returned 1 exit status


Determining if the C compiler works failed with the following output:
Change Dir: /home/usuario/vanetza-master-v2/build.arm/CMakeFiles/CMakeTmp

Run Build Command(s):/usr/bin/make cmTC_cfa9b/fast && /usr/bin/make -f CMakeFiles/cmTC_cfa9b.dir/build.make CMakeFiles/cmTC_cfa9b.dir/build
make[1]: Entering directory '/home/usuario/vanetza-master-v2/build.arm/CMakeFiles/CMakeTmp'
Building C object CMakeFiles/cmTC_cfa9b.dir/testCCompiler.c.obj
/usr/bin/arm-none-eabi-gcc    -o CMakeFiles/cmTC_cfa9b.dir/testCCompiler.c.obj   -c /home/usuario/vanetza-master-v2/build.arm/CMakeFiles/CMakeTmp/testCCompiler.c
Linking C executable cmTC_cfa9b
/usr/bin/cmake -E cmake_link_script CMakeFiles/cmTC_cfa9b.dir/link.txt --verbose=1
/usr/bin/arm-none-eabi-gcc      CMakeFiles/cmTC_cfa9b.dir/testCCompiler.c.obj  -o cmTC_cfa9b 
/usr/lib/gcc/arm-none-eabi/9.2.1/../../../arm-none-eabi/bin/ld: /usr/lib/gcc/arm-none-eabi/9.2.1/../../../arm-none-eabi/lib/libc.a(lib_a-exit.o): in function `exit':
/build/newlib-CVVEyx/newlib-3.3.0/build/arm-none-eabi/newlib/libc/stdlib/../../../../../newlib/libc/stdlib/exit.c:64: undefined reference to `_exit'
collect2: error: ld returned 1 exit status
make[1]: *** [CMakeFiles/cmTC_cfa9b.dir/build.make:87: cmTC_cfa9b] Error 1
make[1]: Leaving directory '/home/usuario/vanetza-master-v2/build.arm/CMakeFiles/CMakeTmp'
make: *** [Makefile:121: cmTC_cfa9b/fast] Error 2



Determining if the include file pthread.h exists failed with the following output:
Change Dir: /home/usuario/vanetza-master-v2/build.arm/CMakeFiles/CMakeTmp

Run Build Command(s):/usr/bin/make cmTC_6b678/fast && /usr/bin/make -f CMakeFiles/cmTC_6b678.dir/build.make CMakeFiles/cmTC_6b678.dir/build
make[1]: Entering directory '/home/usuario/vanetza-master-v2/build.arm/CMakeFiles/CMakeTmp'
Building C object CMakeFiles/cmTC_6b678.dir/CheckIncludeFile.c.obj
/usr/bin/arm-none-eabi-gcc    -o CMakeFiles/cmTC_6b678.dir/CheckIncludeFile.c.obj   -c /home/usuario/vanetza-master-v2/build.arm/CMakeFiles/CMakeTmp/CheckIncludeFile.c
Linking C executable cmTC_6b678
/usr/bin/cmake -E cmake_link_script CMakeFiles/cmTC_6b678.dir/link.txt --verbose=1
/usr/bin/arm-none-eabi-gcc      CMakeFiles/cmTC_6b678.dir/CheckIncludeFile.c.obj  -o cmTC_6b678 
/usr/lib/gcc/arm-none-eabi/9.2.1/../../../arm-none-eabi/bin/ld: /usr/lib/gcc/arm-none-eabi/9.2.1/../../../arm-none-eabi/lib/libc.a(lib_a-exit.o): in function `exit':
/build/newlib-CVVEyx/newlib-3.3.0/build/arm-none-eabi/newlib/libc/stdlib/../../../../../newlib/libc/stdlib/exit.c:64: undefined reference to `_exit'
collect2: error: ld returned 1 exit status
make[1]: *** [CMakeFiles/cmTC_6b678.dir/build.make:87: cmTC_6b678] Error 1
make[1]: Leaving directory '/home/usuario/vanetza-master-v2/build.arm/CMakeFiles/CMakeTmp'
make: *** [Makefile:121: cmTC_6b678/fast] Error 2



